<?xml version="1.0" encoding="UTF-8"?>
<testsuite name="br.com.evolware.dbstream.ExpressionTest" tests="1" skipped="0" failures="0" errors="0" timestamp="2021-01-03T18:14:58" hostname="DNOTE-BRUNO" time="0.037">
  <properties/>
  <testcase name="buildExpressions()" classname="br.com.evolware.dbstream.ExpressionTest" time="0.037"/>
  <system-out><![CDATA[!(((true && 10 + 20) =  `abc`) && 2 = 3)
]]></system-out>
  <system-err><![CDATA[]]></system-err>
</testsuite>
